<?xml version="1.0" encoding="UTF-8"?>
<!-- Generated by org.testng.reporters.JUnitReportReporter -->
<testsuite hostname="shanmugam-ThinkPad-L480" name="com.qapitol.qa.test.TestDemoTest" tests="1" failures="0" timestamp="5 Dec 2018 11:40:37 GMT" time="0.350" errors="0">
  <testcase name="testSavePost" time="0.350" classname="com.qapitol.qa.test.TestDemoTest"/>
</testsuite> <!-- com.qapitol.qa.test.TestDemoTest -->
