<?xml version="1.0" encoding="UTF-8"?>
<!-- Generated by org.testng.reporters.JUnitReportReporter -->
<testsuite hostname="shanmugam-ThinkPad-L480" name="com.qapitol.qa.test.FernlinkTest" tests="1" failures="0" timestamp="12 Dec 2018 05:52:43 GMT" time="6.158" errors="0">
  <testcase name="testLogin" time="6.158" classname="com.qapitol.qa.test.FernlinkTest"/>
</testsuite> <!-- com.qapitol.qa.test.FernlinkTest -->
